<?xml version="1.0" encoding="UTF-8"?>
<!-- Generated by org.testng.reporters.JUnitReportReporter -->
<testsuite hostname="DESKTOP-QFCL18R" failures="0" tests="2" name="com.testCases.LoginPageTest" time="22.651" errors="0" timestamp="2022-07-31T01:41:42 IST" skipped="0">
  <testcase classname="com.testCases.LoginPageTest" name="test_login" time="12.456"/>
  <system-out/>
  <testcase classname="com.testCases.LoginPageTest" name="test_forget_password" time="10.195"/>
  <system-out/>
</testsuite> <!-- com.testCases.LoginPageTest -->
