<?xml version="1.0" encoding="UTF-8"?>
<!-- Generated by org.testng.reporters.JUnitReportReporter -->
<testsuite hostname="DESKTOP-QFCL18R" failures="0" tests="3" name="com.testCases.AdminPageTest" time="74.128" errors="0" timestamp="2022-07-31T01:41:42 IST" skipped="0">
  <testcase classname="com.testCases.AdminPageTest" name="cancleButtonWorking" time="26.405"/>
  <system-out/>
  <testcase classname="com.testCases.AdminPageTest" name="check_test_user" time="22.929"/>
  <system-out/>
  <testcase classname="com.testCases.AdminPageTest" name="addUser" time="24.794"/>
  <system-out/>
</testsuite> <!-- com.testCases.AdminPageTest -->
