<?xml version="1.0" encoding="UTF-8"?>
<!-- Generated by org.testng.reporters.JUnitReportReporter -->
<testsuite hostname="DESKTOP-QFCL18R" failures="0" tests="1" name="com.testCases.AdminPageTest" time="24.671" errors="0" timestamp="2022-07-29T23:28:29 IST" skipped="0">
  <testcase classname="com.testCases.AdminPageTest" name="check_test_user" time="24.671"/>
  <system-out/>
</testsuite> <!-- com.testCases.AdminPageTest -->
