<?xml version="1.0" encoding="UTF-8"?>
<!-- Generated by org.testng.reporters.JUnitReportReporter -->
<testsuite hostname="DESKTOP-QFCL18R" failures="0" tests="2" name="com.testCases.LoginPageTest" time="29.243" errors="0" timestamp="2022-07-29T20:44:02 IST" skipped="0">
  <testcase classname="com.testCases.LoginPageTest" name="test_login" time="15.039"/>
  <system-out/>
  <testcase classname="com.testCases.LoginPageTest" name="test_forget_password" time="14.204"/>
  <system-out/>
</testsuite> <!-- com.testCases.LoginPageTest -->
